2021-07-14 03:01:06,515 - instabot version: 0.117.0 (bot) - INFO - Instabot version: 0.117.0 Started
2021-07-14 03:01:06,538 - instabot version: 0.117.0 (bot) - DEBUG - Bot imported from C:\Python39\lib\site-packages\instabot\bot\bot.py
2021-07-14 03:01:06,593 - instabot version: 0.117.0 (api_login) - INFO - Not yet logged in starting: PRE-LOGIN FLOW!
2021-07-14 03:01:07,078 - instabot version: 0.117.0 (api) - DEBUG - POST to endpoint: accounts/get_prefill_candidates/ returned response: <Response [200]>
2021-07-14 03:01:07,517 - instabot version: 0.117.0 (api) - DEBUG - POST to endpoint: qe/sync/ returned response: <Response [200]>
2021-07-14 03:01:07,886 - instabot version: 0.117.0 (api) - DEBUG - POST to endpoint: launcher/sync/ returned response: <Response [200]>
2021-07-14 03:01:08,256 - instabot version: 0.117.0 (api) - DEBUG - POST to endpoint: accounts/contact_point_prefill/ returned response: <Response [200]>
2021-07-14 03:01:10,255 - instabot version: 0.117.0 (api) - DEBUG - POST to endpoint: accounts/login/ returned response: <Response [200]>
2021-07-14 03:01:10,256 - instabot version: 0.117.0 (api) - INFO - Logged-in successfully as 'theaimaestro'!
2021-07-14 03:01:10,258 - instabot version: 0.117.0 (api_login) - INFO - LOGIN FLOW! Just logged-in: True
2021-07-14 03:01:10,759 - instabot version: 0.117.0 (api) - DEBUG - POST to endpoint: qe/sync/ returned response: <Response [200]>
2021-07-14 03:01:11,300 - instabot version: 0.117.0 (api) - DEBUG - POST to endpoint: launcher/sync/ returned response: <Response [200]>
2021-07-14 03:01:11,736 - instabot version: 0.117.0 (api) - DEBUG - GET to endpoint: zr/token/result/?device_id=android-d85b52fbf9bb835a&token_hash=&custom_device_id=android-d85b52fbf9bb835a&fetch_reason=token_expired returned response: <Response [200]>
2021-07-14 03:01:12,185 - instabot version: 0.117.0 (api) - DEBUG - GET to endpoint: multiple_accounts/get_account_family/ returned response: <Response [200]>
2021-07-14 03:01:13,043 - instabot version: 0.117.0 (api) - DEBUG - POST to endpoint: qe/sync/ returned response: <Response [200]>
2021-07-14 03:01:14,176 - instabot version: 0.117.0 (api) - DEBUG - GET to endpoint: igtv/browse_feed/?prefetch=1 returned response: <Response [200]>
2021-07-14 03:01:14,641 - instabot version: 0.117.0 (api) - DEBUG - POST to endpoint: creatives/ar_class/ returned response: <Response [200]>
2021-07-14 03:01:15,110 - instabot version: 0.117.0 (api) - DEBUG - POST to endpoint: feed/reels_tray/ returned response: <Response [400]>
2021-07-14 03:01:15,111 - instabot version: 0.117.0 (api) - DEBUG - Responsecode indicates error; response content: b'{"message":"feedback_required","spam":true,"feedback_title":"Try Again Later","feedback_message":"We restrict certain activity to protect our community. Based on your use, this action will be unavailable for you until 2021-07-14. Tell us if you think we made a mistake.","feedback_url":"repute/report_problem/user_restriction_ENDPOINT_AUTOMATION_RESTRICT/?violation_type=1\\u0026responsible_policy=REDACTED","feedback_appeal_label":"Tell us","feedback_ignore_label":"OK","feedback_action":"report_problem","category":"user_restriction_ENDPOINT_AUTOMATION_RESTRICT","status":"fail"}'
2021-07-14 03:01:15,111 - instabot version: 0.117.0 (api) - ERROR - Request returns 400 error!
2021-07-14 03:01:15,111 - instabot version: 0.117.0 (api) - ERROR - ATTENTION!: `feedback_required`b'We restrict certain activity to protect our community. Based on your use, this action will be unavailable for you until 2021-07-14. Tell us if you think we made a mistake.'
2021-07-14 03:01:15,586 - instabot version: 0.117.0 (api) - DEBUG - POST to endpoint: feed/timeline/ returned response: <Response [400]>
2021-07-14 03:01:15,586 - instabot version: 0.117.0 (api) - DEBUG - Responsecode indicates error; response content: b'{"message":"feedback_required","spam":true,"feedback_title":"Try Again Later","feedback_message":"We restrict certain activity to protect our community. Based on your use, this action will be unavailable for you until 2021-07-14. Tell us if you think we made a mistake.","feedback_url":"repute/report_problem/user_restriction_ENDPOINT_AUTOMATION_RESTRICT/?violation_type=1\\u0026responsible_policy=REDACTED","feedback_appeal_label":"Tell us","feedback_ignore_label":"OK","feedback_action":"report_problem","category":"user_restriction_ENDPOINT_AUTOMATION_RESTRICT","status":"fail"}'
2021-07-14 03:01:15,586 - instabot version: 0.117.0 (api) - ERROR - Request returns 400 error!
2021-07-14 03:01:15,587 - instabot version: 0.117.0 (api) - ERROR - ATTENTION!: `feedback_required`b'We restrict certain activity to protect our community. Based on your use, this action will be unavailable for you until 2021-07-14. Tell us if you think we made a mistake.'
2021-07-14 03:01:16,010 - instabot version: 0.117.0 (api) - DEBUG - GET to endpoint: media/blocked/ returned response: <Response [200]>
2021-07-14 03:01:17,834 - instabot version: 0.117.0 (api) - DEBUG - GET to endpoint: news/inbox/ returned response: <Response [200]>
2021-07-14 03:01:18,423 - instabot version: 0.117.0 (api) - DEBUG - GET to endpoint: loom/fetch_config/ returned response: <Response [200]>
2021-07-14 03:01:19,900 - instabot version: 0.117.0 (api) - DEBUG - GET to endpoint: scores/bootstrap/users/?surfaces=["autocomplete_user_list","coefficient_besties_list_ranking","coefficient_rank_recipient_user_suggestion","coefficient_ios_section_test_bootstrap_ranking","coefficient_direct_recipients_ranking_variant_2"] returned response: <Response [200]>
2021-07-14 03:01:20,475 - instabot version: 0.117.0 (api) - DEBUG - GET to endpoint: business/eligibility/get_monetization_products_eligibility_data/?product_types=branded_content returned response: <Response [200]>
2021-07-14 03:01:20,969 - instabot version: 0.117.0 (api) - DEBUG - GET to endpoint: business/branded_content/should_require_professional_account/ returned response: <Response [200]>
2021-07-14 03:01:21,514 - instabot version: 0.117.0 (api) - DEBUG - GET to endpoint: linked_accounts/get_linkage_status/ returned response: <Response [200]>
2021-07-14 03:01:21,952 - instabot version: 0.117.0 (api) - DEBUG - GET to endpoint: locations/request_country/ returned response: <Response [200]>
2021-07-14 03:01:22,402 - instabot version: 0.117.0 (api) - DEBUG - GET to endpoint: qp/get_cooldowns/?signed_body=signed_body=4b9c516a5410a3bc128e09c6104a7f042146b9c2023870560c63a43a7f66781c.4&ig_sig_key_version=4&ig_sig_key_version=4 returned response: <Response [200]>
2021-07-14 03:01:22,854 - instabot version: 0.117.0 (api) - DEBUG - GET to endpoint: users/arlink_download_info/?version_override=2.2.1 returned response: <Response [200]>
2021-07-14 03:01:23,288 - instabot version: 0.117.0 (api) - DEBUG - GET to endpoint: users/48125002201/info/ returned response: <Response [400]>
2021-07-14 03:01:23,288 - instabot version: 0.117.0 (api) - DEBUG - Responsecode indicates error; response content: b'{"message":"feedback_required","spam":true,"feedback_title":"Try Again Later","feedback_message":"We restrict certain activity to protect our community. Based on your use, this action will be unavailable for you until 2021-07-14. Tell us if you think we made a mistake.","feedback_url":"repute/report_problem/user_restriction_ENDPOINT_AUTOMATION_RESTRICT/?violation_type=1\\u0026responsible_policy=REDACTED","feedback_appeal_label":"Tell us","feedback_ignore_label":"OK","feedback_action":"report_problem","category":"user_restriction_ENDPOINT_AUTOMATION_RESTRICT","status":"fail"}'
2021-07-14 03:01:23,289 - instabot version: 0.117.0 (api) - ERROR - Request returns 400 error!
2021-07-14 03:01:23,309 - instabot version: 0.117.0 (api) - ERROR - ATTENTION!: `feedback_required`b'We restrict certain activity to protect our community. Based on your use, this action will be unavailable for you until 2021-07-14. Tell us if you think we made a mistake.'
2021-07-14 03:01:24,195 - instabot version: 0.117.0 (api) - DEBUG - GET to endpoint: direct_v2/get_presence/ returned response: <Response [200]>
2021-07-14 03:01:24,643 - instabot version: 0.117.0 (api) - DEBUG - GET to endpoint: direct_v2/inbox/?visual_message_return_type=unseen&thread_message_limit=10&persistentBadging=true&limit=20 returned response: <Response [400]>
2021-07-14 03:01:24,643 - instabot version: 0.117.0 (api) - DEBUG - Responsecode indicates error; response content: b'{"message":"feedback_required","spam":true,"feedback_title":"Try Again Later","feedback_message":"We restrict certain activity to protect our community. Based on your use, this action will be unavailable for you until 2021-07-14. Tell us if you think we made a mistake.","feedback_url":"repute/report_problem/user_restriction_ENDPOINT_AUTOMATION_RESTRICT/?violation_type=1\\u0026responsible_policy=REDACTED","feedback_appeal_label":"Tell us","feedback_ignore_label":"OK","feedback_action":"report_problem","category":"user_restriction_ENDPOINT_AUTOMATION_RESTRICT","status":"fail"}'
2021-07-14 03:01:24,643 - instabot version: 0.117.0 (api) - ERROR - Request returns 400 error!
2021-07-14 03:01:24,644 - instabot version: 0.117.0 (api) - ERROR - ATTENTION!: `feedback_required`b'We restrict certain activity to protect our community. Based on your use, this action will be unavailable for you until 2021-07-14. Tell us if you think we made a mistake.'
2021-07-14 03:01:25,093 - instabot version: 0.117.0 (api) - DEBUG - GET to endpoint: direct_v2/inbox/?visual_message_return_type=unseen&persistentBadging=true&limit=0 returned response: <Response [400]>
2021-07-14 03:01:25,094 - instabot version: 0.117.0 (api) - DEBUG - Responsecode indicates error; response content: b'{"message":"feedback_required","spam":true,"feedback_title":"Try Again Later","feedback_message":"We restrict certain activity to protect our community. Based on your use, this action will be unavailable for you until 2021-07-14. Tell us if you think we made a mistake.","feedback_url":"repute/report_problem/user_restriction_ENDPOINT_AUTOMATION_RESTRICT/?violation_type=1\\u0026responsible_policy=REDACTED","feedback_appeal_label":"Tell us","feedback_ignore_label":"OK","feedback_action":"report_problem","category":"user_restriction_ENDPOINT_AUTOMATION_RESTRICT","status":"fail"}'
2021-07-14 03:01:25,094 - instabot version: 0.117.0 (api) - ERROR - Request returns 400 error!
2021-07-14 03:01:25,095 - instabot version: 0.117.0 (api) - ERROR - ATTENTION!: `feedback_required`b'We restrict certain activity to protect our community. Based on your use, this action will be unavailable for you until 2021-07-14. Tell us if you think we made a mistake.'
2021-07-14 03:01:27,069 - instabot version: 0.117.0 (api) - DEBUG - GET to endpoint: discover/topical_explore/?is_prefetch=true&omit_cover_media=true&use_sectional_payload=true&timezone_offset=0&session_id=2e613807-d452-4675-af4c-63dcffb27ecd&include_fixed_destinations=true returned response: <Response [200]>
2021-07-14 03:01:27,497 - instabot version: 0.117.0 (api) - DEBUG - POST to endpoint: notifications/badge/ returned response: <Response [200]>
2021-07-14 03:01:28,249 - instabot version: 0.117.0 (api) - DEBUG - POST to endpoint: qp/batch_fetch/ returned response: <Response [200]>
2021-07-14 03:01:28,250 - instabot version: 0.117.0 (bot_checkpoint) - DEBUG - Loading Checkpoint file from: E:\Code\instFam/config/theaimaestro.checkpoint
2021-07-14 03:01:52,920 - instabot version: 0.117.0 (api) - DEBUG - POST to endpoint: media/configure/? returned response: <Response [200]>
2021-07-14 03:01:53,351 - instabot version: 0.117.0 (api) - DEBUG - POST to endpoint: qe/expose/ returned response: <Response [200]>
2021-07-14 03:01:53,366 - instabot version: 0.117.0 (bot_photo) - INFO - Photo 'upload.jpg' is uploaded.
2021-07-14 07:11:04,810 - instabot version: 0.117.0 (bot) - INFO - Instabot version: 0.117.0 Started
2021-07-14 07:11:04,811 - instabot version: 0.117.0 (bot) - DEBUG - Bot imported from C:\Python39\lib\site-packages\instabot\bot\bot.py
2021-07-14 07:11:04,815 - instabot version: 0.117.0 (api_login) - INFO - Not yet logged in starting: PRE-LOGIN FLOW!
2021-07-14 07:11:05,235 - instabot version: 0.117.0 (api) - DEBUG - POST to endpoint: accounts/get_prefill_candidates/ returned response: <Response [200]>
2021-07-14 07:11:05,621 - instabot version: 0.117.0 (api) - DEBUG - POST to endpoint: qe/sync/ returned response: <Response [200]>
2021-07-14 07:11:05,993 - instabot version: 0.117.0 (api) - DEBUG - POST to endpoint: launcher/sync/ returned response: <Response [200]>
2021-07-14 07:11:06,381 - instabot version: 0.117.0 (api) - DEBUG - POST to endpoint: accounts/contact_point_prefill/ returned response: <Response [200]>
2021-07-14 07:11:08,240 - instabot version: 0.117.0 (api) - DEBUG - POST to endpoint: accounts/login/ returned response: <Response [200]>
2021-07-14 07:11:08,240 - instabot version: 0.117.0 (api) - INFO - Logged-in successfully as 'theaimaestro'!
2021-07-14 07:11:08,242 - instabot version: 0.117.0 (api_login) - INFO - LOGIN FLOW! Just logged-in: True
2021-07-14 07:11:08,710 - instabot version: 0.117.0 (api) - DEBUG - POST to endpoint: qe/sync/ returned response: <Response [200]>
2021-07-14 07:11:09,187 - instabot version: 0.117.0 (api) - DEBUG - POST to endpoint: launcher/sync/ returned response: <Response [200]>
2021-07-14 07:11:10,049 - instabot version: 0.117.0 (api) - DEBUG - GET to endpoint: zr/token/result/?device_id=android-d85b52fbf9bb835a&token_hash=&custom_device_id=android-d85b52fbf9bb835a&fetch_reason=token_expired returned response: <Response [200]>
2021-07-14 07:11:10,582 - instabot version: 0.117.0 (api) - DEBUG - GET to endpoint: multiple_accounts/get_account_family/ returned response: <Response [200]>
2021-07-14 07:11:11,079 - instabot version: 0.117.0 (api) - DEBUG - POST to endpoint: qe/sync/ returned response: <Response [200]>
2021-07-14 07:11:11,997 - instabot version: 0.117.0 (api) - DEBUG - GET to endpoint: igtv/browse_feed/?prefetch=1 returned response: <Response [200]>
2021-07-14 07:11:12,455 - instabot version: 0.117.0 (api) - DEBUG - POST to endpoint: creatives/ar_class/ returned response: <Response [200]>
2021-07-14 07:11:12,933 - instabot version: 0.117.0 (api) - DEBUG - POST to endpoint: feed/reels_tray/ returned response: <Response [400]>
2021-07-14 07:11:12,933 - instabot version: 0.117.0 (api) - DEBUG - Responsecode indicates error; response content: b'{"message":"feedback_required","spam":true,"feedback_title":"Try Again Later","feedback_message":"We restrict certain activity to protect our community. Based on your use, this action will be unavailable for you until 2021-07-14. Tell us if you think we made a mistake.","feedback_url":"repute/report_problem/user_restriction_ENDPOINT_AUTOMATION_RESTRICT/?violation_type=1\\u0026responsible_policy=REDACTED","feedback_appeal_label":"Tell us","feedback_ignore_label":"OK","feedback_action":"report_problem","category":"user_restriction_ENDPOINT_AUTOMATION_RESTRICT","status":"fail"}'
2021-07-14 07:11:12,934 - instabot version: 0.117.0 (api) - ERROR - Request returns 400 error!
2021-07-14 07:11:12,938 - instabot version: 0.117.0 (api) - ERROR - ATTENTION!: `feedback_required`b'We restrict certain activity to protect our community. Based on your use, this action will be unavailable for you until 2021-07-14. Tell us if you think we made a mistake.'
2021-07-14 07:11:13,387 - instabot version: 0.117.0 (api) - DEBUG - POST to endpoint: feed/timeline/ returned response: <Response [400]>
2021-07-14 07:11:13,387 - instabot version: 0.117.0 (api) - DEBUG - Responsecode indicates error; response content: b'{"message":"feedback_required","spam":true,"feedback_title":"Try Again Later","feedback_message":"We restrict certain activity to protect our community. Based on your use, this action will be unavailable for you until 2021-07-14. Tell us if you think we made a mistake.","feedback_url":"repute/report_problem/user_restriction_ENDPOINT_AUTOMATION_RESTRICT/?violation_type=1\\u0026responsible_policy=REDACTED","feedback_appeal_label":"Tell us","feedback_ignore_label":"OK","feedback_action":"report_problem","category":"user_restriction_ENDPOINT_AUTOMATION_RESTRICT","status":"fail"}'
2021-07-14 07:11:13,387 - instabot version: 0.117.0 (api) - ERROR - Request returns 400 error!
2021-07-14 07:11:13,388 - instabot version: 0.117.0 (api) - ERROR - ATTENTION!: `feedback_required`b'We restrict certain activity to protect our community. Based on your use, this action will be unavailable for you until 2021-07-14. Tell us if you think we made a mistake.'
2021-07-14 07:11:13,819 - instabot version: 0.117.0 (api) - DEBUG - GET to endpoint: media/blocked/ returned response: <Response [200]>
2021-07-14 07:11:15,701 - instabot version: 0.117.0 (api) - DEBUG - GET to endpoint: news/inbox/ returned response: <Response [200]>
2021-07-14 07:11:16,169 - instabot version: 0.117.0 (api) - DEBUG - GET to endpoint: loom/fetch_config/ returned response: <Response [200]>
2021-07-14 07:11:17,536 - instabot version: 0.117.0 (api) - DEBUG - GET to endpoint: scores/bootstrap/users/?surfaces=["autocomplete_user_list","coefficient_besties_list_ranking","coefficient_rank_recipient_user_suggestion","coefficient_ios_section_test_bootstrap_ranking","coefficient_direct_recipients_ranking_variant_2"] returned response: <Response [200]>
2021-07-14 07:11:18,024 - instabot version: 0.117.0 (api) - DEBUG - GET to endpoint: business/eligibility/get_monetization_products_eligibility_data/?product_types=branded_content returned response: <Response [200]>
2021-07-14 07:11:18,515 - instabot version: 0.117.0 (api) - DEBUG - GET to endpoint: business/branded_content/should_require_professional_account/ returned response: <Response [200]>
2021-07-14 07:11:18,991 - instabot version: 0.117.0 (api) - DEBUG - GET to endpoint: linked_accounts/get_linkage_status/ returned response: <Response [200]>
2021-07-14 07:11:19,439 - instabot version: 0.117.0 (api) - DEBUG - GET to endpoint: locations/request_country/ returned response: <Response [200]>
2021-07-14 07:11:19,876 - instabot version: 0.117.0 (api) - DEBUG - GET to endpoint: qp/get_cooldowns/?signed_body=signed_body=4b9c516a5410a3bc128e09c6104a7f042146b9c2023870560c63a43a7f66781c.4&ig_sig_key_version=4&ig_sig_key_version=4 returned response: <Response [200]>
2021-07-14 07:11:20,301 - instabot version: 0.117.0 (api) - DEBUG - GET to endpoint: users/arlink_download_info/?version_override=2.2.1 returned response: <Response [200]>
2021-07-14 07:11:20,759 - instabot version: 0.117.0 (api) - DEBUG - GET to endpoint: users/48125002201/info/ returned response: <Response [400]>
2021-07-14 07:11:20,760 - instabot version: 0.117.0 (api) - DEBUG - Responsecode indicates error; response content: b'{"message":"feedback_required","spam":true,"feedback_title":"Try Again Later","feedback_message":"We restrict certain activity to protect our community. Based on your use, this action will be unavailable for you until 2021-07-14. Tell us if you think we made a mistake.","feedback_url":"repute/report_problem/user_restriction_ENDPOINT_AUTOMATION_RESTRICT/?violation_type=1\\u0026responsible_policy=REDACTED","feedback_appeal_label":"Tell us","feedback_ignore_label":"OK","feedback_action":"report_problem","category":"user_restriction_ENDPOINT_AUTOMATION_RESTRICT","status":"fail"}'
2021-07-14 07:11:20,760 - instabot version: 0.117.0 (api) - ERROR - Request returns 400 error!
2021-07-14 07:11:20,762 - instabot version: 0.117.0 (api) - ERROR - ATTENTION!: `feedback_required`b'We restrict certain activity to protect our community. Based on your use, this action will be unavailable for you until 2021-07-14. Tell us if you think we made a mistake.'
2021-07-14 07:11:21,528 - instabot version: 0.117.0 (api) - DEBUG - GET to endpoint: direct_v2/get_presence/ returned response: <Response [200]>
2021-07-14 07:11:21,970 - instabot version: 0.117.0 (api) - DEBUG - GET to endpoint: direct_v2/inbox/?visual_message_return_type=unseen&thread_message_limit=10&persistentBadging=true&limit=20 returned response: <Response [400]>
2021-07-14 07:11:21,970 - instabot version: 0.117.0 (api) - DEBUG - Responsecode indicates error; response content: b'{"message":"feedback_required","spam":true,"feedback_title":"Try Again Later","feedback_message":"We restrict certain activity to protect our community. Based on your use, this action will be unavailable for you until 2021-07-14. Tell us if you think we made a mistake.","feedback_url":"repute/report_problem/user_restriction_ENDPOINT_AUTOMATION_RESTRICT/?violation_type=1\\u0026responsible_policy=REDACTED","feedback_appeal_label":"Tell us","feedback_ignore_label":"OK","feedback_action":"report_problem","category":"user_restriction_ENDPOINT_AUTOMATION_RESTRICT","status":"fail"}'
2021-07-14 07:11:21,970 - instabot version: 0.117.0 (api) - ERROR - Request returns 400 error!
2021-07-14 07:11:21,971 - instabot version: 0.117.0 (api) - ERROR - ATTENTION!: `feedback_required`b'We restrict certain activity to protect our community. Based on your use, this action will be unavailable for you until 2021-07-14. Tell us if you think we made a mistake.'
2021-07-14 07:11:22,419 - instabot version: 0.117.0 (api) - DEBUG - GET to endpoint: direct_v2/inbox/?visual_message_return_type=unseen&persistentBadging=true&limit=0 returned response: <Response [400]>
2021-07-14 07:11:22,420 - instabot version: 0.117.0 (api) - DEBUG - Responsecode indicates error; response content: b'{"message":"feedback_required","spam":true,"feedback_title":"Try Again Later","feedback_message":"We restrict certain activity to protect our community. Based on your use, this action will be unavailable for you until 2021-07-14. Tell us if you think we made a mistake.","feedback_url":"repute/report_problem/user_restriction_ENDPOINT_AUTOMATION_RESTRICT/?violation_type=1\\u0026responsible_policy=REDACTED","feedback_appeal_label":"Tell us","feedback_ignore_label":"OK","feedback_action":"report_problem","category":"user_restriction_ENDPOINT_AUTOMATION_RESTRICT","status":"fail"}'
2021-07-14 07:11:22,420 - instabot version: 0.117.0 (api) - ERROR - Request returns 400 error!
2021-07-14 07:11:22,425 - instabot version: 0.117.0 (api) - ERROR - ATTENTION!: `feedback_required`b'We restrict certain activity to protect our community. Based on your use, this action will be unavailable for you until 2021-07-14. Tell us if you think we made a mistake.'
2021-07-14 07:11:25,078 - instabot version: 0.117.0 (api) - DEBUG - GET to endpoint: discover/topical_explore/?is_prefetch=true&omit_cover_media=true&use_sectional_payload=true&timezone_offset=0&session_id=058d4185-d899-4e85-a7e2-7db2f64c96e3&include_fixed_destinations=true returned response: <Response [200]>
2021-07-14 07:11:25,538 - instabot version: 0.117.0 (api) - DEBUG - POST to endpoint: notifications/badge/ returned response: <Response [200]>
2021-07-14 07:11:26,251 - instabot version: 0.117.0 (api) - DEBUG - POST to endpoint: qp/batch_fetch/ returned response: <Response [200]>
2021-07-14 07:11:26,256 - instabot version: 0.117.0 (bot_checkpoint) - DEBUG - Loading Checkpoint file from: E:\Code\instFam/config/theaimaestro.checkpoint
2021-07-14 07:11:49,666 - instabot version: 0.117.0 (api) - DEBUG - POST to endpoint: media/configure/? returned response: <Response [200]>
2021-07-14 07:11:50,512 - instabot version: 0.117.0 (api) - DEBUG - POST to endpoint: qe/expose/ returned response: <Response [200]>
2021-07-14 07:11:50,514 - instabot version: 0.117.0 (bot_photo) - INFO - Photo 'upload.jpg' is uploaded.
